2024-12-21T02:32:42.858Z  WARN 1576 --- [mbrailway2] [HikariPool-1 housekeeper] com.zaxxer.hikari.pool.HikariPool        : HikariPool-1 - Thread starvation or clock leap detected (housekeeper delta=9h13m50s307ms389µs200ns).
2024-12-21T03:30:56.957Z  INFO 1576 --- [mbrailway2] [SpringApplicationShutdownHook] o.s.b.w.e.tomcat.GracefulShutdown        : Commencing graceful shutdown. Waiting for active requests to complete
2024-12-21T03:30:57.631Z  INFO 1576 --- [mbrailway2] [tomcat-shutdown] o.s.b.w.e.tomcat.GracefulShutdown        : Graceful shutdown complete
2024-12-21T03:30:58.034Z  INFO 1576 --- [mbrailway2] [SpringApplicationShutdownHook] j.LocalContainerEntityManagerFactoryBean : Closing JPA EntityManagerFactory for persistence unit 'default'
2024-12-21T03:30:58.309Z  INFO 1576 --- [mbrailway2] [SpringApplicationShutdownHook] com.zaxxer.hikari.HikariDataSource       : HikariPool-1 - Shutdown initiated...
2024-12-21T03:30:58.614Z  INFO 1576 --- [mbrailway2] [SpringApplicationShutdownHook] com.zaxxer.hikari.HikariDataSource       : HikariPool-1 - Shutdown completed.
2024-12-21T03:32:36.300Z  INFO 12556 --- [mbrailway2] [restartedMain] n.mbrailway2.Mbrailway2Application       : Starting Mbrailway2Application using Java 18.0.1.1 with PID 12556 (C:\Users\User\Documents\kenneth\project\mbrailway2\target\classes started by User in C:\Users\User\Documents\kenneth\project\mbrailway2)
2024-12-21T03:32:36.304Z  INFO 12556 --- [mbrailway2] [restartedMain] n.mbrailway2.Mbrailway2Application       : No active profile set, falling back to 1 default profile: "default"
2024-12-21T03:32:38.463Z  INFO 12556 --- [mbrailway2] [restartedMain] .e.DevToolsPropertyDefaultsPostProcessor : Devtools property defaults active! Set 'spring.devtools.add-properties' to 'false' to disable
2024-12-21T03:32:38.464Z  INFO 12556 --- [mbrailway2] [restartedMain] .e.DevToolsPropertyDefaultsPostProcessor : For additional web related logging consider setting the 'logging.level.web' property to 'DEBUG'
2024-12-21T03:32:52.259Z  INFO 12556 --- [mbrailway2] [restartedMain] .s.d.r.c.RepositoryConfigurationDelegate : Bootstrapping Spring Data JPA repositories in DEFAULT mode.
2024-12-21T03:32:52.590Z  INFO 12556 --- [mbrailway2] [restartedMain] .s.d.r.c.RepositoryConfigurationDelegate : Finished Spring Data repository scanning in 295 ms. Found 3 JPA repository interfaces.
2024-12-21T03:33:01.905Z  INFO 12556 --- [mbrailway2] [restartedMain] o.s.b.w.embedded.tomcat.TomcatWebServer  : Tomcat initialized with port 8080 (http)
2024-12-21T03:33:02.125Z  INFO 12556 --- [mbrailway2] [restartedMain] o.apache.catalina.core.StandardService   : Starting service [Tomcat]
2024-12-21T03:33:02.126Z  INFO 12556 --- [mbrailway2] [restartedMain] o.apache.catalina.core.StandardEngine    : Starting Servlet engine: [Apache Tomcat/10.1.33]
2024-12-21T03:33:07.630Z  INFO 12556 --- [mbrailway2] [restartedMain] o.a.c.c.C.[Tomcat].[localhost].[/]       : Initializing Spring embedded WebApplicationContext
2024-12-21T03:33:07.630Z  INFO 12556 --- [mbrailway2] [restartedMain] w.s.c.ServletWebServerApplicationContext : Root WebApplicationContext: initialization completed in 29163 ms
2024-12-21T03:33:07.957Z  INFO 12556 --- [mbrailway2] [restartedMain] com.zaxxer.hikari.HikariDataSource       : HikariPool-1 - Starting...
2024-12-21T03:33:13.177Z  INFO 12556 --- [mbrailway2] [restartedMain] com.zaxxer.hikari.pool.HikariPool        : HikariPool-1 - Added connection com.mysql.cj.jdbc.ConnectionImpl@2d6826f4
2024-12-21T03:33:13.180Z  INFO 12556 --- [mbrailway2] [restartedMain] com.zaxxer.hikari.HikariDataSource       : HikariPool-1 - Start completed.
2024-12-21T03:33:13.210Z  INFO 12556 --- [mbrailway2] [restartedMain] o.s.b.a.h2.H2ConsoleAutoConfiguration    : H2 console available at '/h2-console'. Database available at 'jdbc:mysql://localhost:3306/mbrailway?createDatabaseIfNotExist=true'
2024-12-21T03:33:14.589Z  INFO 12556 --- [mbrailway2] [restartedMain] o.hibernate.jpa.internal.util.LogHelper  : HHH000204: Processing PersistenceUnitInfo [name: default]
2024-12-21T03:33:15.260Z  INFO 12556 --- [mbrailway2] [restartedMain] org.hibernate.Version                    : HHH000412: Hibernate ORM core version 6.6.2.Final
2024-12-21T03:33:15.928Z  INFO 12556 --- [mbrailway2] [restartedMain] o.h.c.internal.RegionFactoryInitiator    : HHH000026: Second-level cache disabled
2024-12-21T03:33:18.040Z  INFO 12556 --- [mbrailway2] [restartedMain] o.s.o.j.p.SpringPersistenceUnitInfo      : No LoadTimeWeaver setup: ignoring JPA class transformer
2024-12-21T03:33:19.860Z  WARN 12556 --- [mbrailway2] [restartedMain] org.hibernate.orm.deprecation            : HHH90000025: MySQL8Dialect does not need to be specified explicitly using 'hibernate.dialect' (remove the property setting and it will be selected by default)
2024-12-21T03:33:19.862Z  WARN 12556 --- [mbrailway2] [restartedMain] org.hibernate.orm.deprecation            : HHH90000026: MySQL8Dialect has been deprecated; use org.hibernate.dialect.MySQLDialect instead
2024-12-21T03:33:19.924Z  INFO 12556 --- [mbrailway2] [restartedMain] org.hibernate.orm.connections.pooling    : HHH10001005: Database info:
	Database JDBC URL [Connecting through datasource 'HikariDataSource (HikariPool-1)']
	Database driver: undefined/unknown
	Database version: 8.0
	Autocommit mode: undefined/unknown
	Isolation level: undefined/unknown
	Minimum pool size: undefined/unknown
	Maximum pool size: undefined/unknown
2024-12-21T03:33:23.630Z  INFO 12556 --- [mbrailway2] [restartedMain] o.h.e.t.j.p.i.JtaPlatformInitiator       : HHH000489: No JTA platform available (set 'hibernate.transaction.jta.platform' to enable JTA platform integration)
2024-12-21T03:33:25.482Z  INFO 12556 --- [mbrailway2] [restartedMain] j.LocalContainerEntityManagerFactoryBean : Initialized JPA EntityManagerFactory for persistence unit 'default'
2024-12-21T03:33:26.966Z  INFO 12556 --- [mbrailway2] [restartedMain] o.s.d.j.r.query.QueryEnhancerFactory     : Hibernate is in classpath; If applicable, HQL parser will be used.
2024-12-21T03:33:28.503Z  WARN 12556 --- [mbrailway2] [restartedMain] JpaBaseConfiguration$JpaWebConfiguration : spring.jpa.open-in-view is enabled by default. Therefore, database queries may be performed during view rendering. Explicitly configure spring.jpa.open-in-view to disable this warning
2024-12-21T03:33:28.707Z  INFO 12556 --- [mbrailway2] [restartedMain] eAuthenticationProviderManagerConfigurer : Global AuthenticationManager configured with AuthenticationProvider bean with name authenticationProvider
2024-12-21T03:33:28.709Z  WARN 12556 --- [mbrailway2] [restartedMain] r$InitializeUserDetailsManagerConfigurer : Global AuthenticationManager configured with an AuthenticationProvider bean. UserDetailsService beans will not be used by Spring Security for automatically configuring username/password login. Consider removing the AuthenticationProvider bean. Alternatively, consider using the UserDetailsService in a manually instantiated DaoAuthenticationProvider. If the current configuration is intentional, to turn off this warning, increase the logging level of 'org.springframework.security.config.annotation.authentication.configuration.InitializeUserDetailsBeanManagerConfigurer' to ERROR
2024-12-21T03:33:29.163Z  INFO 12556 --- [mbrailway2] [restartedMain] o.s.b.a.w.s.WelcomePageHandlerMapping    : Adding welcome page template: index
2024-12-21T03:33:32.186Z  INFO 12556 --- [mbrailway2] [restartedMain] o.s.b.d.a.OptionalLiveReloadServer       : LiveReload server is running on port 35729
2024-12-21T03:33:32.351Z  INFO 12556 --- [mbrailway2] [restartedMain] o.s.b.w.embedded.tomcat.TomcatWebServer  : Tomcat started on port 8080 (http) with context path '/'
2024-12-21T03:33:32.363Z  INFO 12556 --- [mbrailway2] [restartedMain] n.mbrailway2.Mbrailway2Application       : Started Mbrailway2Application in 64.773 seconds (process running for 80.714)
2024-12-21T03:34:14.470Z  INFO 12556 --- [mbrailway2] [http-nio-8080-exec-1] o.a.c.c.C.[Tomcat].[localhost].[/]       : Initializing Spring DispatcherServlet 'dispatcherServlet'
2024-12-21T03:34:14.471Z  INFO 12556 --- [mbrailway2] [http-nio-8080-exec-1] o.s.web.servlet.DispatcherServlet        : Initializing Servlet 'dispatcherServlet'
2024-12-21T03:34:14.473Z  INFO 12556 --- [mbrailway2] [http-nio-8080-exec-1] o.s.web.servlet.DispatcherServlet        : Completed initialization in 2 ms
2024-12-21T03:34:20.519Z  WARN 12556 --- [mbrailway2] [http-nio-8080-exec-1] actStandardFragmentInsertionTagProcessor : [THYMELEAF][http-nio-8080-exec-1][pages/trainTimetable] Deprecated unwrapped fragment expression "fragments/header :: header" found in template pages/trainTimetable, line 17, col 9. Please use the complete syntax of fragment expressions instead ("~{fragments/header :: header}"). The old, unwrapped syntax for fragment expressions will be removed in future versions of Thymeleaf.
2024-12-21T03:34:21.263Z  WARN 12556 --- [mbrailway2] [http-nio-8080-exec-1] actStandardFragmentInsertionTagProcessor : [THYMELEAF][http-nio-8080-exec-1][pages/trainTimetable] Deprecated unwrapped fragment expression "fragments/bookings  :: bookings" found in template pages/trainTimetable, line 22, col 27. Please use the complete syntax of fragment expressions instead ("~{fragments/bookings  :: bookings}"). The old, unwrapped syntax for fragment expressions will be removed in future versions of Thymeleaf.
2024-12-21T03:34:21.310Z  WARN 12556 --- [mbrailway2] [http-nio-8080-exec-1] actStandardFragmentInsertionTagProcessor : [THYMELEAF][http-nio-8080-exec-1][pages/trainTimetable] Deprecated unwrapped fragment expression "fragments/footer :: footer" found in template pages/trainTimetable, line 103, col 9. Please use the complete syntax of fragment expressions instead ("~{fragments/footer :: footer}"). The old, unwrapped syntax for fragment expressions will be removed in future versions of Thymeleaf.
2024-12-21T03:35:00.902Z  WARN 12556 --- [mbrailway2] [http-nio-8080-exec-4] actStandardFragmentInsertionTagProcessor : [THYMELEAF][http-nio-8080-exec-4][index] Deprecated unwrapped fragment expression "fragments/header :: header" found in template index, line 16, col 9. Please use the complete syntax of fragment expressions instead ("~{fragments/header :: header}"). The old, unwrapped syntax for fragment expressions will be removed in future versions of Thymeleaf.
2024-12-21T03:35:00.912Z  WARN 12556 --- [mbrailway2] [http-nio-8080-exec-4] actStandardFragmentInsertionTagProcessor : [THYMELEAF][http-nio-8080-exec-4][index] Deprecated unwrapped fragment expression "fragments/bookings  :: bookings" found in template index, line 38, col 27. Please use the complete syntax of fragment expressions instead ("~{fragments/bookings  :: bookings}"). The old, unwrapped syntax for fragment expressions will be removed in future versions of Thymeleaf.
2024-12-21T03:35:00.930Z  WARN 12556 --- [mbrailway2] [http-nio-8080-exec-4] actStandardFragmentInsertionTagProcessor : [THYMELEAF][http-nio-8080-exec-4][index] Deprecated unwrapped fragment expression "fragments/newsletter  :: newsletter" found in template index, line 86, col 37. Please use the complete syntax of fragment expressions instead ("~{fragments/newsletter  :: newsletter}"). The old, unwrapped syntax for fragment expressions will be removed in future versions of Thymeleaf.
2024-12-21T03:35:00.960Z  WARN 12556 --- [mbrailway2] [http-nio-8080-exec-4] actStandardFragmentInsertionTagProcessor : [THYMELEAF][http-nio-8080-exec-4][index] Deprecated unwrapped fragment expression "fragments/footer :: footer" found in template index, line 92, col 9. Please use the complete syntax of fragment expressions instead ("~{fragments/footer :: footer}"). The old, unwrapped syntax for fragment expressions will be removed in future versions of Thymeleaf.
2024-12-21T03:36:18.376Z  WARN 12556 --- [mbrailway2] [http-nio-8080-exec-3] actStandardFragmentInsertionTagProcessor : [THYMELEAF][http-nio-8080-exec-3][index] Deprecated unwrapped fragment expression "fragments/header :: header" found in template index, line 16, col 9. Please use the complete syntax of fragment expressions instead ("~{fragments/header :: header}"). The old, unwrapped syntax for fragment expressions will be removed in future versions of Thymeleaf.
2024-12-21T03:36:18.475Z  WARN 12556 --- [mbrailway2] [http-nio-8080-exec-3] actStandardFragmentInsertionTagProcessor : [THYMELEAF][http-nio-8080-exec-3][index] Deprecated unwrapped fragment expression "fragments/bookings  :: bookings" found in template index, line 38, col 27. Please use the complete syntax of fragment expressions instead ("~{fragments/bookings  :: bookings}"). The old, unwrapped syntax for fragment expressions will be removed in future versions of Thymeleaf.
2024-12-21T03:36:18.478Z  WARN 12556 --- [mbrailway2] [http-nio-8080-exec-3] actStandardFragmentInsertionTagProcessor : [THYMELEAF][http-nio-8080-exec-3][index] Deprecated unwrapped fragment expression "fragments/newsletter  :: newsletter" found in template index, line 86, col 37. Please use the complete syntax of fragment expressions instead ("~{fragments/newsletter  :: newsletter}"). The old, unwrapped syntax for fragment expressions will be removed in future versions of Thymeleaf.
2024-12-21T03:36:18.479Z  WARN 12556 --- [mbrailway2] [http-nio-8080-exec-3] actStandardFragmentInsertionTagProcessor : [THYMELEAF][http-nio-8080-exec-3][index] Deprecated unwrapped fragment expression "fragments/footer :: footer" found in template index, line 92, col 9. Please use the complete syntax of fragment expressions instead ("~{fragments/footer :: footer}"). The old, unwrapped syntax for fragment expressions will be removed in future versions of Thymeleaf.
2024-12-21T04:12:54.900Z  INFO 12556 --- [mbrailway2] [SpringApplicationShutdownHook] o.s.b.w.e.tomcat.GracefulShutdown        : Commencing graceful shutdown. Waiting for active requests to complete
2024-12-21T04:12:56.451Z  INFO 12556 --- [mbrailway2] [tomcat-shutdown] o.s.b.w.e.tomcat.GracefulShutdown        : Graceful shutdown complete
2024-12-21T04:12:57.271Z  INFO 12556 --- [mbrailway2] [SpringApplicationShutdownHook] j.LocalContainerEntityManagerFactoryBean : Closing JPA EntityManagerFactory for persistence unit 'default'
2024-12-21T04:12:58.166Z  INFO 12556 --- [mbrailway2] [SpringApplicationShutdownHook] com.zaxxer.hikari.HikariDataSource       : HikariPool-1 - Shutdown initiated...
2024-12-21T04:12:58.258Z  INFO 12556 --- [mbrailway2] [SpringApplicationShutdownHook] com.zaxxer.hikari.HikariDataSource       : HikariPool-1 - Shutdown completed.
2024-12-21T04:13:50.741Z  INFO 18380 --- [mbrailway2] [restartedMain] n.mbrailway2.Mbrailway2Application       : Starting Mbrailway2Application using Java 18.0.1.1 with PID 18380 (C:\Users\User\Documents\kenneth\project\mbrailway2\target\classes started by User in C:\Users\User\Documents\kenneth\project\mbrailway2)
2024-12-21T04:13:50.746Z  INFO 18380 --- [mbrailway2] [restartedMain] n.mbrailway2.Mbrailway2Application       : No active profile set, falling back to 1 default profile: "default"
2024-12-21T04:13:51.254Z  INFO 18380 --- [mbrailway2] [restartedMain] .e.DevToolsPropertyDefaultsPostProcessor : Devtools property defaults active! Set 'spring.devtools.add-properties' to 'false' to disable
2024-12-21T04:13:51.255Z  INFO 18380 --- [mbrailway2] [restartedMain] .e.DevToolsPropertyDefaultsPostProcessor : For additional web related logging consider setting the 'logging.level.web' property to 'DEBUG'
2024-12-21T04:14:08.841Z  INFO 18380 --- [mbrailway2] [restartedMain] .s.d.r.c.RepositoryConfigurationDelegate : Bootstrapping Spring Data JPA repositories in DEFAULT mode.
2024-12-21T04:14:09.358Z  INFO 18380 --- [mbrailway2] [restartedMain] .s.d.r.c.RepositoryConfigurationDelegate : Finished Spring Data repository scanning in 487 ms. Found 3 JPA repository interfaces.
2024-12-21T04:14:17.274Z  INFO 18380 --- [mbrailway2] [restartedMain] o.s.b.w.embedded.tomcat.TomcatWebServer  : Tomcat initialized with port 8080 (http)
2024-12-21T04:14:17.452Z  INFO 18380 --- [mbrailway2] [restartedMain] o.apache.catalina.core.StandardService   : Starting service [Tomcat]
2024-12-21T04:14:17.452Z  INFO 18380 --- [mbrailway2] [restartedMain] o.apache.catalina.core.StandardEngine    : Starting Servlet engine: [Apache Tomcat/10.1.33]
2024-12-21T04:14:22.959Z  INFO 18380 --- [mbrailway2] [restartedMain] o.a.c.c.C.[Tomcat].[localhost].[/]       : Initializing Spring embedded WebApplicationContext
2024-12-21T04:14:22.960Z  INFO 18380 --- [mbrailway2] [restartedMain] w.s.c.ServletWebServerApplicationContext : Root WebApplicationContext: initialization completed in 31703 ms
2024-12-21T04:14:23.310Z  INFO 18380 --- [mbrailway2] [restartedMain] com.zaxxer.hikari.HikariDataSource       : HikariPool-1 - Starting...
2024-12-21T04:14:26.120Z  INFO 18380 --- [mbrailway2] [restartedMain] com.zaxxer.hikari.pool.HikariPool        : HikariPool-1 - Added connection com.mysql.cj.jdbc.ConnectionImpl@178d7ce3
2024-12-21T04:14:26.124Z  INFO 18380 --- [mbrailway2] [restartedMain] com.zaxxer.hikari.HikariDataSource       : HikariPool-1 - Start completed.
2024-12-21T04:14:26.141Z  INFO 18380 --- [mbrailway2] [restartedMain] o.s.b.a.h2.H2ConsoleAutoConfiguration    : H2 console available at '/h2-console'. Database available at 'jdbc:mysql://localhost:3306/mbrailway?createDatabaseIfNotExist=true'
2024-12-21T04:14:27.318Z  INFO 18380 --- [mbrailway2] [restartedMain] o.hibernate.jpa.internal.util.LogHelper  : HHH000204: Processing PersistenceUnitInfo [name: default]
2024-12-21T04:14:28.184Z  INFO 18380 --- [mbrailway2] [restartedMain] org.hibernate.Version                    : HHH000412: Hibernate ORM core version 6.6.2.Final
2024-12-21T04:14:28.494Z  INFO 18380 --- [mbrailway2] [restartedMain] o.h.c.internal.RegionFactoryInitiator    : HHH000026: Second-level cache disabled
2024-12-21T04:14:30.826Z  INFO 18380 --- [mbrailway2] [restartedMain] o.s.o.j.p.SpringPersistenceUnitInfo      : No LoadTimeWeaver setup: ignoring JPA class transformer
2024-12-21T04:14:34.728Z  WARN 18380 --- [mbrailway2] [restartedMain] org.hibernate.orm.deprecation            : HHH90000025: MySQL8Dialect does not need to be specified explicitly using 'hibernate.dialect' (remove the property setting and it will be selected by default)
2024-12-21T04:14:34.730Z  WARN 18380 --- [mbrailway2] [restartedMain] org.hibernate.orm.deprecation            : HHH90000026: MySQL8Dialect has been deprecated; use org.hibernate.dialect.MySQLDialect instead
2024-12-21T04:14:34.781Z  INFO 18380 --- [mbrailway2] [restartedMain] org.hibernate.orm.connections.pooling    : HHH10001005: Database info:
	Database JDBC URL [Connecting through datasource 'HikariDataSource (HikariPool-1)']
	Database driver: undefined/unknown
	Database version: 8.0
	Autocommit mode: undefined/unknown
	Isolation level: undefined/unknown
	Minimum pool size: undefined/unknown
	Maximum pool size: undefined/unknown
2024-12-21T04:14:37.658Z  INFO 18380 --- [mbrailway2] [restartedMain] o.h.e.t.j.p.i.JtaPlatformInitiator       : HHH000489: No JTA platform available (set 'hibernate.transaction.jta.platform' to enable JTA platform integration)
2024-12-21T04:14:38.826Z  INFO 18380 --- [mbrailway2] [restartedMain] j.LocalContainerEntityManagerFactoryBean : Initialized JPA EntityManagerFactory for persistence unit 'default'
2024-12-21T04:14:39.959Z  INFO 18380 --- [mbrailway2] [restartedMain] o.s.d.j.r.query.QueryEnhancerFactory     : Hibernate is in classpath; If applicable, HQL parser will be used.
2024-12-21T04:14:42.191Z  WARN 18380 --- [mbrailway2] [restartedMain] JpaBaseConfiguration$JpaWebConfiguration : spring.jpa.open-in-view is enabled by default. Therefore, database queries may be performed during view rendering. Explicitly configure spring.jpa.open-in-view to disable this warning
2024-12-21T04:14:42.355Z  INFO 18380 --- [mbrailway2] [restartedMain] eAuthenticationProviderManagerConfigurer : Global AuthenticationManager configured with AuthenticationProvider bean with name authenticationProvider
2024-12-21T04:14:42.385Z  WARN 18380 --- [mbrailway2] [restartedMain] r$InitializeUserDetailsManagerConfigurer : Global AuthenticationManager configured with an AuthenticationProvider bean. UserDetailsService beans will not be used by Spring Security for automatically configuring username/password login. Consider removing the AuthenticationProvider bean. Alternatively, consider using the UserDetailsService in a manually instantiated DaoAuthenticationProvider. If the current configuration is intentional, to turn off this warning, increase the logging level of 'org.springframework.security.config.annotation.authentication.configuration.InitializeUserDetailsBeanManagerConfigurer' to ERROR
2024-12-21T04:14:42.720Z  INFO 18380 --- [mbrailway2] [restartedMain] o.s.b.a.w.s.WelcomePageHandlerMapping    : Adding welcome page template: index
2024-12-21T04:14:44.337Z  INFO 18380 --- [mbrailway2] [restartedMain] o.s.b.d.a.OptionalLiveReloadServer       : LiveReload server is running on port 35729
2024-12-21T04:14:44.447Z  INFO 18380 --- [mbrailway2] [restartedMain] o.s.b.w.embedded.tomcat.TomcatWebServer  : Tomcat started on port 8080 (http) with context path '/'
2024-12-21T04:14:44.463Z  INFO 18380 --- [mbrailway2] [restartedMain] n.mbrailway2.Mbrailway2Application       : Started Mbrailway2Application in 57.978 seconds (process running for 65.111)
2024-12-21T04:15:09.539Z  INFO 18380 --- [mbrailway2] [http-nio-8080-exec-1] o.a.c.c.C.[Tomcat].[localhost].[/]       : Initializing Spring DispatcherServlet 'dispatcherServlet'
2024-12-21T04:15:09.540Z  INFO 18380 --- [mbrailway2] [http-nio-8080-exec-1] o.s.web.servlet.DispatcherServlet        : Initializing Servlet 'dispatcherServlet'
2024-12-21T04:15:09.542Z  INFO 18380 --- [mbrailway2] [http-nio-8080-exec-1] o.s.web.servlet.DispatcherServlet        : Completed initialization in 2 ms
2024-12-21T04:15:10.547Z  WARN 18380 --- [mbrailway2] [http-nio-8080-exec-1] actStandardFragmentInsertionTagProcessor : [THYMELEAF][http-nio-8080-exec-1][index] Deprecated unwrapped fragment expression "fragments/header :: header" found in template index, line 16, col 9. Please use the complete syntax of fragment expressions instead ("~{fragments/header :: header}"). The old, unwrapped syntax for fragment expressions will be removed in future versions of Thymeleaf.
2024-12-21T04:15:10.691Z  WARN 18380 --- [mbrailway2] [http-nio-8080-exec-1] actStandardFragmentInsertionTagProcessor : [THYMELEAF][http-nio-8080-exec-1][index] Deprecated unwrapped fragment expression "fragments/bookings  :: bookings" found in template index, line 38, col 27. Please use the complete syntax of fragment expressions instead ("~{fragments/bookings  :: bookings}"). The old, unwrapped syntax for fragment expressions will be removed in future versions of Thymeleaf.
2024-12-21T04:15:10.877Z  WARN 18380 --- [mbrailway2] [http-nio-8080-exec-1] actStandardFragmentInsertionTagProcessor : [THYMELEAF][http-nio-8080-exec-1][index] Deprecated unwrapped fragment expression "fragments/newsletter  :: newsletter" found in template index, line 86, col 37. Please use the complete syntax of fragment expressions instead ("~{fragments/newsletter  :: newsletter}"). The old, unwrapped syntax for fragment expressions will be removed in future versions of Thymeleaf.
2024-12-21T04:15:10.979Z  WARN 18380 --- [mbrailway2] [http-nio-8080-exec-1] actStandardFragmentInsertionTagProcessor : [THYMELEAF][http-nio-8080-exec-1][index] Deprecated unwrapped fragment expression "fragments/footer :: footer" found in template index, line 92, col 9. Please use the complete syntax of fragment expressions instead ("~{fragments/footer :: footer}"). The old, unwrapped syntax for fragment expressions will be removed in future versions of Thymeleaf.
2024-12-21T04:15:47.138Z  WARN 18380 --- [mbrailway2] [http-nio-8080-exec-7] actStandardFragmentInsertionTagProcessor : [THYMELEAF][http-nio-8080-exec-7][index] Deprecated unwrapped fragment expression "fragments/header :: header" found in template index, line 16, col 9. Please use the complete syntax of fragment expressions instead ("~{fragments/header :: header}"). The old, unwrapped syntax for fragment expressions will be removed in future versions of Thymeleaf.
2024-12-21T04:15:47.165Z  WARN 18380 --- [mbrailway2] [http-nio-8080-exec-7] actStandardFragmentInsertionTagProcessor : [THYMELEAF][http-nio-8080-exec-7][index] Deprecated unwrapped fragment expression "fragments/bookings  :: bookings" found in template index, line 38, col 27. Please use the complete syntax of fragment expressions instead ("~{fragments/bookings  :: bookings}"). The old, unwrapped syntax for fragment expressions will be removed in future versions of Thymeleaf.
2024-12-21T04:15:47.167Z  WARN 18380 --- [mbrailway2] [http-nio-8080-exec-7] actStandardFragmentInsertionTagProcessor : [THYMELEAF][http-nio-8080-exec-7][index] Deprecated unwrapped fragment expression "fragments/newsletter  :: newsletter" found in template index, line 86, col 37. Please use the complete syntax of fragment expressions instead ("~{fragments/newsletter  :: newsletter}"). The old, unwrapped syntax for fragment expressions will be removed in future versions of Thymeleaf.
2024-12-21T04:15:47.168Z  WARN 18380 --- [mbrailway2] [http-nio-8080-exec-7] actStandardFragmentInsertionTagProcessor : [THYMELEAF][http-nio-8080-exec-7][index] Deprecated unwrapped fragment expression "fragments/footer :: footer" found in template index, line 92, col 9. Please use the complete syntax of fragment expressions instead ("~{fragments/footer :: footer}"). The old, unwrapped syntax for fragment expressions will be removed in future versions of Thymeleaf.
2024-12-21T04:18:21.372Z  INFO 18380 --- [mbrailway2] [SpringApplicationShutdownHook] o.s.b.w.e.tomcat.GracefulShutdown        : Commencing graceful shutdown. Waiting for active requests to complete
2024-12-21T04:18:21.632Z  INFO 18380 --- [mbrailway2] [tomcat-shutdown] o.s.b.w.e.tomcat.GracefulShutdown        : Graceful shutdown complete
2024-12-21T04:18:21.639Z  INFO 18380 --- [mbrailway2] [SpringApplicationShutdownHook] j.LocalContainerEntityManagerFactoryBean : Closing JPA EntityManagerFactory for persistence unit 'default'
2024-12-21T04:18:21.645Z  INFO 18380 --- [mbrailway2] [SpringApplicationShutdownHook] com.zaxxer.hikari.HikariDataSource       : HikariPool-1 - Shutdown initiated...
2024-12-21T04:18:21.684Z  INFO 18380 --- [mbrailway2] [SpringApplicationShutdownHook] com.zaxxer.hikari.HikariDataSource       : HikariPool-1 - Shutdown completed.
2024-12-21T04:18:26.849Z  INFO 18668 --- [mbrailway2] [restartedMain] n.mbrailway2.Mbrailway2Application       : Starting Mbrailway2Application using Java 18.0.1.1 with PID 18668 (C:\Users\User\Documents\kenneth\project\mbrailway2\target\classes started by User in C:\Users\User\Documents\kenneth\project\mbrailway2)
2024-12-21T04:18:26.855Z  INFO 18668 --- [mbrailway2] [restartedMain] n.mbrailway2.Mbrailway2Application       : No active profile set, falling back to 1 default profile: "default"
2024-12-21T04:18:26.954Z  INFO 18668 --- [mbrailway2] [restartedMain] .e.DevToolsPropertyDefaultsPostProcessor : Devtools property defaults active! Set 'spring.devtools.add-properties' to 'false' to disable
2024-12-21T04:18:26.955Z  INFO 18668 --- [mbrailway2] [restartedMain] .e.DevToolsPropertyDefaultsPostProcessor : For additional web related logging consider setting the 'logging.level.web' property to 'DEBUG'
2024-12-21T04:18:29.017Z  INFO 18668 --- [mbrailway2] [restartedMain] .s.d.r.c.RepositoryConfigurationDelegate : Bootstrapping Spring Data JPA repositories in DEFAULT mode.
2024-12-21T04:18:29.193Z  INFO 18668 --- [mbrailway2] [restartedMain] .s.d.r.c.RepositoryConfigurationDelegate : Finished Spring Data repository scanning in 154 ms. Found 3 JPA repository interfaces.
2024-12-21T04:18:30.875Z  INFO 18668 --- [mbrailway2] [restartedMain] o.s.b.w.embedded.tomcat.TomcatWebServer  : Tomcat initialized with port 8080 (http)
2024-12-21T04:18:30.904Z  INFO 18668 --- [mbrailway2] [restartedMain] o.apache.catalina.core.StandardService   : Starting service [Tomcat]
2024-12-21T04:18:30.905Z  INFO 18668 --- [mbrailway2] [restartedMain] o.apache.catalina.core.StandardEngine    : Starting Servlet engine: [Apache Tomcat/10.1.33]
2024-12-21T04:18:31.032Z  INFO 18668 --- [mbrailway2] [restartedMain] o.a.c.c.C.[Tomcat].[localhost].[/]       : Initializing Spring embedded WebApplicationContext
2024-12-21T04:18:31.032Z  INFO 18668 --- [mbrailway2] [restartedMain] w.s.c.ServletWebServerApplicationContext : Root WebApplicationContext: initialization completed in 4076 ms
2024-12-21T04:18:31.113Z  INFO 18668 --- [mbrailway2] [restartedMain] com.zaxxer.hikari.HikariDataSource       : HikariPool-1 - Starting...
2024-12-21T04:18:32.614Z  INFO 18668 --- [mbrailway2] [restartedMain] o.hibernate.jpa.internal.util.LogHelper  : HHH000204: Processing PersistenceUnitInfo [name: default]
2024-12-21T04:18:32.717Z  INFO 18668 --- [mbrailway2] [restartedMain] org.hibernate.Version                    : HHH000412: Hibernate ORM core version 6.6.2.Final
2024-12-21T04:18:32.804Z  INFO 18668 --- [mbrailway2] [restartedMain] o.h.c.internal.RegionFactoryInitiator    : HHH000026: Second-level cache disabled
2024-12-21T04:18:33.320Z  INFO 18668 --- [mbrailway2] [restartedMain] o.s.o.j.p.SpringPersistenceUnitInfo      : No LoadTimeWeaver setup: ignoring JPA class transformer
2024-12-21T04:18:33.380Z  INFO 18668 --- [mbrailway2] [restartedMain] com.zaxxer.hikari.HikariDataSource       : HikariPool-1 - Starting...
2024-12-21T04:18:34.396Z  WARN 18668 --- [mbrailway2] [restartedMain] o.h.engine.jdbc.spi.SqlExceptionHelper   : SQL Error: 0, SQLState: 08001
2024-12-21T04:18:34.397Z ERROR 18668 --- [mbrailway2] [restartedMain] o.h.engine.jdbc.spi.SqlExceptionHelper   : Cannot load connection class because of underlying exception: com.mysql.cj.exceptions.WrongArgumentException: Failed to parse the host:port pair '${DATABASE_HOST}:${DATABASE_PORT}'.
2024-12-21T04:18:34.400Z  WARN 18668 --- [mbrailway2] [restartedMain] o.h.e.j.e.i.JdbcEnvironmentInitiator     : HHH000342: Could not obtain connection to query metadata

org.hibernate.exception.JDBCConnectionException: unable to obtain isolated JDBC connection [Cannot load connection class because of underlying exception: com.mysql.cj.exceptions.WrongArgumentException: Failed to parse the host:port pair '${DATABASE_HOST}:${DATABASE_PORT}'.] [n/a]
	at org.hibernate.exception.internal.SQLStateConversionDelegate.convert(SQLStateConversionDelegate.java:100) ~[hibernate-core-6.6.2.Final.jar:6.6.2.Final]
	at org.hibernate.exception.internal.StandardSQLExceptionConverter.convert(StandardSQLExceptionConverter.java:58) ~[hibernate-core-6.6.2.Final.jar:6.6.2.Final]
	at org.hibernate.engine.jdbc.spi.SqlExceptionHelper.convert(SqlExceptionHelper.java:108) ~[hibernate-core-6.6.2.Final.jar:6.6.2.Final]
	at org.hibernate.engine.jdbc.spi.SqlExceptionHelper.convert(SqlExceptionHelper.java:94) ~[hibernate-core-6.6.2.Final.jar:6.6.2.Final]
	at org.hibernate.resource.transaction.backend.jdbc.internal.JdbcIsolationDelegate.delegateWork(JdbcIsolationDelegate.java:116) ~[hibernate-core-6.6.2.Final.jar:6.6.2.Final]
	at org.hibernate.engine.jdbc.env.internal.JdbcEnvironmentInitiator.getJdbcEnvironmentUsingJdbcMetadata(JdbcEnvironmentInitiator.java:320) ~[hibernate-core-6.6.2.Final.jar:6.6.2.Final]
	at org.hibernate.engine.jdbc.env.internal.JdbcEnvironmentInitiator.initiateService(JdbcEnvironmentInitiator.java:129) ~[hibernate-core-6.6.2.Final.jar:6.6.2.Final]
	at org.hibernate.engine.jdbc.env.internal.JdbcEnvironmentInitiator.initiateService(JdbcEnvironmentInitiator.java:81) ~[hibernate-core-6.6.2.Final.jar:6.6.2.Final]
	at org.hibernate.boot.registry.internal.StandardServiceRegistryImpl.initiateService(StandardServiceRegistryImpl.java:130) ~[hibernate-core-6.6.2.Final.jar:6.6.2.Final]
	at org.hibernate.service.internal.AbstractServiceRegistryImpl.createService(AbstractServiceRegistryImpl.java:263) ~[hibernate-core-6.6.2.Final.jar:6.6.2.Final]
	at org.hibernate.service.internal.AbstractServiceRegistryImpl.initializeService(AbstractServiceRegistryImpl.java:238) ~[hibernate-core-6.6.2.Final.jar:6.6.2.Final]
	at org.hibernate.service.internal.AbstractServiceRegistryImpl.getService(AbstractServiceRegistryImpl.java:215) ~[hibernate-core-6.6.2.Final.jar:6.6.2.Final]
	at org.hibernate.boot.model.relational.Database.<init>(Database.java:45) ~[hibernate-core-6.6.2.Final.jar:6.6.2.Final]
	at org.hibernate.boot.internal.InFlightMetadataCollectorImpl.getDatabase(InFlightMetadataCollectorImpl.java:226) ~[hibernate-core-6.6.2.Final.jar:6.6.2.Final]
	at org.hibernate.boot.internal.InFlightMetadataCollectorImpl.<init>(InFlightMetadataCollectorImpl.java:194) ~[hibernate-core-6.6.2.Final.jar:6.6.2.Final]
	at org.hibernate.boot.model.process.spi.MetadataBuildingProcess.complete(MetadataBuildingProcess.java:171) ~[hibernate-core-6.6.2.Final.jar:6.6.2.Final]
	at org.hibernate.jpa.boot.internal.EntityManagerFactoryBuilderImpl.metadata(EntityManagerFactoryBuilderImpl.java:1431) ~[hibernate-core-6.6.2.Final.jar:6.6.2.Final]
	at org.hibernate.jpa.boot.internal.EntityManagerFactoryBuilderImpl.build(EntityManagerFactoryBuilderImpl.java:1502) ~[hibernate-core-6.6.2.Final.jar:6.6.2.Final]
	at org.springframework.orm.jpa.vendor.SpringHibernateJpaPersistenceProvider.createContainerEntityManagerFactory(SpringHibernateJpaPersistenceProvider.java:66) ~[spring-orm-6.2.0.jar:6.2.0]
	at org.springframework.orm.jpa.LocalContainerEntityManagerFactoryBean.createNativeEntityManagerFactory(LocalContainerEntityManagerFactoryBean.java:390) ~[spring-orm-6.2.0.jar:6.2.0]
	at org.springframework.orm.jpa.AbstractEntityManagerFactoryBean.buildNativeEntityManagerFactory(AbstractEntityManagerFactoryBean.java:419) ~[spring-orm-6.2.0.jar:6.2.0]
	at org.springframework.orm.jpa.AbstractEntityManagerFactoryBean.afterPropertiesSet(AbstractEntityManagerFactoryBean.java:400) ~[spring-orm-6.2.0.jar:6.2.0]
	at org.springframework.orm.jpa.LocalContainerEntityManagerFactoryBean.afterPropertiesSet(LocalContainerEntityManagerFactoryBean.java:366) ~[spring-orm-6.2.0.jar:6.2.0]
	at org.springframework.beans.factory.support.AbstractAutowireCapableBeanFactory.invokeInitMethods(AbstractAutowireCapableBeanFactory.java:1849) ~[spring-beans-6.2.0.jar:6.2.0]
	at org.springframework.beans.factory.support.AbstractAutowireCapableBeanFactory.initializeBean(AbstractAutowireCapableBeanFactory.java:1798) ~[spring-beans-6.2.0.jar:6.2.0]
	at org.springframework.beans.factory.support.AbstractAutowireCapableBeanFactory.doCreateBean(AbstractAutowireCapableBeanFactory.java:601) ~[spring-beans-6.2.0.jar:6.2.0]
	at org.springframework.beans.factory.support.AbstractAutowireCapableBeanFactory.createBean(AbstractAutowireCapableBeanFactory.java:523) ~[spring-beans-6.2.0.jar:6.2.0]
	at org.springframework.beans.factory.support.AbstractBeanFactory.lambda$doGetBean$0(AbstractBeanFactory.java:336) ~[spring-beans-6.2.0.jar:6.2.0]
	at org.springframework.beans.factory.support.DefaultSingletonBeanRegistry.getSingleton(DefaultSingletonBeanRegistry.java:288) ~[spring-beans-6.2.0.jar:6.2.0]
	at org.springframework.beans.factory.support.AbstractBeanFactory.doGetBean(AbstractBeanFactory.java:334) ~[spring-beans-6.2.0.jar:6.2.0]
	at org.springframework.beans.factory.support.AbstractBeanFactory.getBean(AbstractBeanFactory.java:204) ~[spring-beans-6.2.0.jar:6.2.0]
	at org.springframework.context.support.AbstractApplicationContext.finishBeanFactoryInitialization(AbstractApplicationContext.java:970) ~[spring-context-6.2.0.jar:6.2.0]
	at org.springframework.context.support.AbstractApplicationContext.refresh(AbstractApplicationContext.java:627) ~[spring-context-6.2.0.jar:6.2.0]
	at org.springframework.boot.web.servlet.context.ServletWebServerApplicationContext.refresh(ServletWebServerApplicationContext.java:146) ~[spring-boot-3.4.0.jar:3.4.0]
	at org.springframework.boot.SpringApplication.refresh(SpringApplication.java:752) ~[spring-boot-3.4.0.jar:3.4.0]
	at org.springframework.boot.SpringApplication.refreshContext(SpringApplication.java:439) ~[spring-boot-3.4.0.jar:3.4.0]
	at org.springframework.boot.SpringApplication.run(SpringApplication.java:318) ~[spring-boot-3.4.0.jar:3.4.0]
	at org.springframework.boot.SpringApplication.run(SpringApplication.java:1361) ~[spring-boot-3.4.0.jar:3.4.0]
	at org.springframework.boot.SpringApplication.run(SpringApplication.java:1350) ~[spring-boot-3.4.0.jar:3.4.0]
	at ndgroups.mbrailway2.Mbrailway2Application.main(Mbrailway2Application.java:10) ~[classes/:na]
	at java.base/jdk.internal.reflect.DirectMethodHandleAccessor.invoke(DirectMethodHandleAccessor.java:104) ~[na:na]
	at java.base/java.lang.reflect.Method.invoke(Method.java:577) ~[na:na]
	at org.springframework.boot.devtools.restart.RestartLauncher.run(RestartLauncher.java:50) ~[spring-boot-devtools-3.4.0.jar:3.4.0]
Caused by: java.sql.SQLNonTransientConnectionException: Cannot load connection class because of underlying exception: com.mysql.cj.exceptions.WrongArgumentException: Failed to parse the host:port pair '${DATABASE_HOST}:${DATABASE_PORT}'.
	at com.mysql.cj.jdbc.exceptions.SQLError.createSQLException(SQLError.java:102) ~[mysql-connector-j-9.1.0.jar:9.1.0]
	at com.mysql.cj.jdbc.exceptions.SQLError.createSQLException(SQLError.java:89) ~[mysql-connector-j-9.1.0.jar:9.1.0]
	at com.mysql.cj.jdbc.exceptions.SQLError.createSQLException(SQLError.java:81) ~[mysql-connector-j-9.1.0.jar:9.1.0]
	at com.mysql.cj.jdbc.exceptions.SQLError.createSQLException(SQLError.java:55) ~[mysql-connector-j-9.1.0.jar:9.1.0]
	at com.mysql.cj.jdbc.exceptions.SQLError.createSQLException(SQLError.java:65) ~[mysql-connector-j-9.1.0.jar:9.1.0]
	at com.mysql.cj.jdbc.exceptions.SQLExceptionsMapping.translateException(SQLExceptionsMapping.java:70) ~[mysql-connector-j-9.1.0.jar:9.1.0]
	at com.mysql.cj.jdbc.exceptions.SQLExceptionsMapping.translateException(SQLExceptionsMapping.java:123) ~[mysql-connector-j-9.1.0.jar:9.1.0]
	at com.mysql.cj.jdbc.NonRegisteringDriver.connect(NonRegisteringDriver.java:203) ~[mysql-connector-j-9.1.0.jar:9.1.0]
	at com.zaxxer.hikari.util.DriverDataSource.getConnection(DriverDataSource.java:137) ~[HikariCP-5.1.0.jar:na]
	at com.zaxxer.hikari.pool.PoolBase.newConnection(PoolBase.java:360) ~[HikariCP-5.1.0.jar:na]
	at com.zaxxer.hikari.pool.PoolBase.newPoolEntry(PoolBase.java:202) ~[HikariCP-5.1.0.jar:na]
	at com.zaxxer.hikari.pool.HikariPool.createPoolEntry(HikariPool.java:461) ~[HikariCP-5.1.0.jar:na]
	at com.zaxxer.hikari.pool.HikariPool.checkFailFast(HikariPool.java:550) ~[HikariCP-5.1.0.jar:na]
	at com.zaxxer.hikari.pool.HikariPool.<init>(HikariPool.java:98) ~[HikariCP-5.1.0.jar:na]
	at com.zaxxer.hikari.HikariDataSource.getConnection(HikariDataSource.java:111) ~[HikariCP-5.1.0.jar:na]
	at org.hibernate.engine.jdbc.connections.internal.DatasourceConnectionProviderImpl.getConnection(DatasourceConnectionProviderImpl.java:126) ~[hibernate-core-6.6.2.Final.jar:6.6.2.Final]
	at org.hibernate.engine.jdbc.env.internal.JdbcEnvironmentInitiator$ConnectionProviderJdbcConnectionAccess.obtainConnection(JdbcEnvironmentInitiator.java:467) ~[hibernate-core-6.6.2.Final.jar:6.6.2.Final]
	at org.hibernate.resource.transaction.backend.jdbc.internal.JdbcIsolationDelegate.delegateWork(JdbcIsolationDelegate.java:61) ~[hibernate-core-6.6.2.Final.jar:6.6.2.Final]
	... 38 common frames omitted
Caused by: com.mysql.cj.exceptions.UnableToConnectException: Cannot load connection class because of underlying exception: com.mysql.cj.exceptions.WrongArgumentException: Failed to parse the host:port pair '${DATABASE_HOST}:${DATABASE_PORT}'.
	at java.base/jdk.internal.reflect.DirectConstructorHandleAccessor.newInstance(DirectConstructorHandleAccessor.java:67) ~[na:na]
	at java.base/java.lang.reflect.Constructor.newInstanceWithCaller(Constructor.java:499) ~[na:na]
	at java.base/java.lang.reflect.Constructor.newInstance(Constructor.java:483) ~[na:na]
	at com.mysql.cj.exceptions.ExceptionFactory.createException(ExceptionFactory.java:52) ~[mysql-connector-j-9.1.0.jar:9.1.0]
	at com.mysql.cj.exceptions.ExceptionFactory.createException(ExceptionFactory.java:95) ~[mysql-connector-j-9.1.0.jar:9.1.0]
	... 49 common frames omitted
Caused by: com.mysql.cj.exceptions.WrongArgumentException: Failed to parse the host:port pair '${DATABASE_HOST}:${DATABASE_PORT}'.
	at java.base/jdk.internal.reflect.DirectConstructorHandleAccessor.newInstance(DirectConstructorHandleAccessor.java:67) ~[na:na]
	at java.base/java.lang.reflect.Constructor.newInstanceWithCaller(Constructor.java:499) ~[na:na]
	at java.base/java.lang.reflect.Constructor.newInstance(Constructor.java:483) ~[na:na]
	at com.mysql.cj.exceptions.ExceptionFactory.createException(ExceptionFactory.java:52) ~[mysql-connector-j-9.1.0.jar:9.1.0]
	at com.mysql.cj.exceptions.ExceptionFactory.createException(ExceptionFactory.java:95) ~[mysql-connector-j-9.1.0.jar:9.1.0]
	at com.mysql.cj.conf.ConnectionUrlParser.parseHostPortPair(ConnectionUrlParser.java:492) ~[mysql-connector-j-9.1.0.jar:9.1.0]
	at com.mysql.cj.conf.ConnectionUrlParser.buildHostInfoResortingToGenericSyntaxParser(ConnectionUrlParser.java:430) ~[mysql-connector-j-9.1.0.jar:9.1.0]
	at com.mysql.cj.conf.ConnectionUrlParser.parseAuthoritySegment(ConnectionUrlParser.java:262) ~[mysql-connector-j-9.1.0.jar:9.1.0]
	at com.mysql.cj.conf.ConnectionUrlParser.parseAuthoritySection(ConnectionUrlParser.java:176) ~[mysql-connector-j-9.1.0.jar:9.1.0]
	at com.mysql.cj.conf.ConnectionUrlParser.getHosts(ConnectionUrlParser.java:643) ~[mysql-connector-j-9.1.0.jar:9.1.0]
	at com.mysql.cj.conf.ConnectionUrl$Type.getConnectionUrlInstance(ConnectionUrl.java:195) ~[mysql-connector-j-9.1.0.jar:9.1.0]
	at com.mysql.cj.conf.ConnectionUrl.getConnectionUrlInstance(ConnectionUrl.java:282) ~[mysql-connector-j-9.1.0.jar:9.1.0]
	at com.mysql.cj.jdbc.NonRegisteringDriver.connect(NonRegisteringDriver.java:177) ~[mysql-connector-j-9.1.0.jar:9.1.0]
	... 48 common frames omitted
Caused by: java.lang.NumberFormatException: For input string: "${DATABASE_PORT}"
	at java.base/java.lang.NumberFormatException.forInputString(NumberFormatException.java:67) ~[na:na]
	at java.base/java.lang.Integer.parseInt(Integer.java:654) ~[na:na]
	at java.base/java.lang.Integer.parseInt(Integer.java:784) ~[na:na]
	at com.mysql.cj.conf.ConnectionUrlParser.parseHostPortPair(ConnectionUrlParser.java:490) ~[mysql-connector-j-9.1.0.jar:9.1.0]
	... 55 common frames omitted

2024-12-21T04:18:34.452Z  WARN 18668 --- [mbrailway2] [restartedMain] org.hibernate.orm.deprecation            : HHH90000025: MySQL8Dialect does not need to be specified explicitly using 'hibernate.dialect' (remove the property setting and it will be selected by default)
2024-12-21T04:18:34.454Z  WARN 18668 --- [mbrailway2] [restartedMain] org.hibernate.orm.deprecation            : HHH90000026: MySQL8Dialect has been deprecated; use org.hibernate.dialect.MySQLDialect instead
2024-12-21T04:18:34.482Z  INFO 18668 --- [mbrailway2] [restartedMain] org.hibernate.orm.connections.pooling    : HHH10001005: Database info:
	Database JDBC URL [Connecting through datasource 'HikariDataSource (null)']
	Database driver: undefined/unknown
	Database version: 8.0
	Autocommit mode: undefined/unknown
	Isolation level: undefined/unknown
	Minimum pool size: undefined/unknown
	Maximum pool size: undefined/unknown
2024-12-21T04:18:36.144Z  INFO 18668 --- [mbrailway2] [restartedMain] o.h.e.t.j.p.i.JtaPlatformInitiator       : HHH000489: No JTA platform available (set 'hibernate.transaction.jta.platform' to enable JTA platform integration)
2024-12-21T04:18:36.148Z  INFO 18668 --- [mbrailway2] [restartedMain] j.LocalContainerEntityManagerFactoryBean : Initialized JPA EntityManagerFactory for persistence unit 'default'
2024-12-21T04:18:36.809Z  INFO 18668 --- [mbrailway2] [restartedMain] o.s.d.j.r.query.QueryEnhancerFactory     : Hibernate is in classpath; If applicable, HQL parser will be used.
2024-12-21T04:18:38.313Z  WARN 18668 --- [mbrailway2] [restartedMain] JpaBaseConfiguration$JpaWebConfiguration : spring.jpa.open-in-view is enabled by default. Therefore, database queries may be performed during view rendering. Explicitly configure spring.jpa.open-in-view to disable this warning
2024-12-21T04:18:38.387Z  INFO 18668 --- [mbrailway2] [restartedMain] eAuthenticationProviderManagerConfigurer : Global AuthenticationManager configured with AuthenticationProvider bean with name authenticationProvider
2024-12-21T04:18:38.436Z  WARN 18668 --- [mbrailway2] [restartedMain] r$InitializeUserDetailsManagerConfigurer : Global AuthenticationManager configured with an AuthenticationProvider bean. UserDetailsService beans will not be used by Spring Security for automatically configuring username/password login. Consider removing the AuthenticationProvider bean. Alternatively, consider using the UserDetailsService in a manually instantiated DaoAuthenticationProvider. If the current configuration is intentional, to turn off this warning, increase the logging level of 'org.springframework.security.config.annotation.authentication.configuration.InitializeUserDetailsBeanManagerConfigurer' to ERROR
2024-12-21T04:18:38.615Z  INFO 18668 --- [mbrailway2] [restartedMain] o.s.b.a.w.s.WelcomePageHandlerMapping    : Adding welcome page template: index
2024-12-21T04:18:39.647Z  INFO 18668 --- [mbrailway2] [restartedMain] o.s.b.d.a.OptionalLiveReloadServer       : LiveReload server is running on port 35729
2024-12-21T04:18:39.726Z  INFO 18668 --- [mbrailway2] [restartedMain] o.s.b.w.embedded.tomcat.TomcatWebServer  : Tomcat started on port 8080 (http) with context path '/'
2024-12-21T04:18:39.752Z  INFO 18668 --- [mbrailway2] [restartedMain] n.mbrailway2.Mbrailway2Application       : Started Mbrailway2Application in 13.922 seconds (process running for 15.155)
